<?xml version="1.0" encoding="UTF-8"?>
<testng-results ignored="0" total="1" passed="1" failed="0" skipped="0">
  <reporter-output>
  </reporter-output>
  <suite started-at="2023-08-24T14:23:34 IST" name="Default suite" finished-at="2023-08-24T14:23:39 IST" duration-ms="4064">
    <groups>
    </groups>
    <test started-at="2023-08-24T14:23:34 IST" name="Default test" finished-at="2023-08-24T14:23:39 IST" duration-ms="4064">
      <class name="HttpRequest">
        <test-method signature="getUsers()[pri:0, instance:HttpRequest@771a660]" started-at="2023-08-24T14:23:35 IST" name="getUsers" finished-at="2023-08-24T14:23:38 IST" duration-ms="3987" status="PASS">
          <reporter-output>
          </reporter-output>
        </test-method> <!-- getUsers -->
      </class> <!-- HttpRequest -->
    </test> <!-- Default test -->
  </suite> <!-- Default suite -->
</testng-results>
